This is pdfTeX, Version 3.1415926-1.40.10 (MiKTeX 2.8) (preloaded format=pdflatex 2013.1.2)  24 MAR 2013 07:12
entering extended mode
**geometry2.tex
(C:\Users\Nick\Desktop\Euclidean\geometry2.tex
LaTeX2e <2009/09/24>
Babel <v3.8l> and hyphenation patterns for english, dumylang, nohyphenation, ge
rman, ngerman, german-x-2009-06-19, ngerman-x-2009-06-19, french, loaded.

("C:\Users\Nick\Desktop\old desktop\Clip\LaTeX_R_F10\MikTexPortable\tex\latex\b
ase\article.cls"
Document Class: article 2007/10/19 v1.4h Standard LaTeX document class

("C:\Users\Nick\Desktop\old desktop\Clip\LaTeX_R_F10\MikTexPortable\tex\latex\b
ase\size12.clo"
File: size12.clo 2007/10/19 v1.4h Standard LaTeX file (size option)
)
\c@part=\count79
\c@section=\count80
\c@subsection=\count81
\c@subsubsection=\count82
\c@paragraph=\count83
\c@subparagraph=\count84
\c@figure=\count85
\c@table=\count86
\abovecaptionskip=\skip41
\belowcaptionskip=\skip42
\bibindent=\dimen102
)
("C:\Users\Nick\Desktop\old desktop\Clip\LaTeX_R_F10\MikTexPortable\tex\latex\a
ms\math\amsmath.sty"
Package: amsmath 2000/07/18 v2.13 AMS math features
\@mathmargin=\skip43

For additional information on amsmath, use the `?' option.

("C:\Users\Nick\Desktop\old desktop\Clip\LaTeX_R_F10\MikTexPortable\tex\latex\a
ms\math\amstext.sty"
Package: amstext 2000/06/29 v2.01

("C:\Users\Nick\Desktop\old desktop\Clip\LaTeX_R_F10\MikTexPortable\tex\latex\a
ms\math\amsgen.sty"
File: amsgen.sty 1999/11/30 v2.0
\@emptytoks=\toks14
\ex@=\dimen103
))
("C:\Users\Nick\Desktop\old desktop\Clip\LaTeX_R_F10\MikTexPortable\tex\latex\a
ms\math\amsbsy.sty"
Package: amsbsy 1999/11/29 v1.2d
\pmbraise@=\dimen104
)
("C:\Users\Nick\Desktop\old desktop\Clip\LaTeX_R_F10\MikTexPortable\tex\latex\a
ms\math\amsopn.sty"
Package: amsopn 1999/12/14 v2.01 operator names
)
\inf@bad=\count87
LaTeX Info: Redefining \frac on input line 211.
\uproot@=\count88
\leftroot@=\count89
LaTeX Info: Redefining \overline on input line 307.
\classnum@=\count90
\DOTSCASE@=\count91
LaTeX Info: Redefining \ldots on input line 379.
LaTeX Info: Redefining \dots on input line 382.
LaTeX Info: Redefining \cdots on input line 467.
\Mathstrutbox@=\box26
\strutbox@=\box27
\big@size=\dimen105
LaTeX Font Info:    Redeclaring font encoding OML on input line 567.
LaTeX Font Info:    Redeclaring font encoding OMS on input line 568.
\macc@depth=\count92
\c@MaxMatrixCols=\count93
\dotsspace@=\muskip10
\c@parentequation=\count94
\dspbrk@lvl=\count95
\tag@help=\toks15
\row@=\count96
\column@=\count97
\maxfields@=\count98
\andhelp@=\toks16
\eqnshift@=\dimen106
\alignsep@=\dimen107
\tagshift@=\dimen108
\tagwidth@=\dimen109
\totwidth@=\dimen110
\lineht@=\dimen111
\@envbody=\toks17
\multlinegap=\skip44
\multlinetaggap=\skip45
\mathdisplay@stack=\toks18
LaTeX Info: Redefining \[ on input line 2666.
LaTeX Info: Redefining \] on input line 2667.
)
("C:\Users\Nick\Desktop\old desktop\Clip\LaTeX_R_F10\MikTexPortable\tex\latex\a
msfonts\amssymb.sty"
Package: amssymb 2009/06/22 v3.00

("C:\Users\Nick\Desktop\old desktop\Clip\LaTeX_R_F10\MikTexPortable\tex\latex\a
msfonts\amsfonts.sty"
Package: amsfonts 2009/06/22 v3.00 Basic AMSFonts support
\symAMSa=\mathgroup4
\symAMSb=\mathgroup5
LaTeX Font Info:    Overwriting math alphabet `\mathfrak' in version `bold'
(Font)                  U/euf/m/n --> U/euf/b/n on input line 96.
))
("C:\Users\Nick\Desktop\old desktop\Clip\LaTeX_R_F10\MikTexPortable\tex\latex\g
raphics\graphicx.sty"
Package: graphicx 1999/02/16 v1.0f Enhanced LaTeX Graphics (DPC,SPQR)

("C:\Users\Nick\Desktop\old desktop\Clip\LaTeX_R_F10\MikTexPortable\tex\latex\g
raphics\keyval.sty"
Package: keyval 1999/03/16 v1.13 key=value parser (DPC)
\KV@toks@=\toks19
)
("C:\Users\Nick\Desktop\old desktop\Clip\LaTeX_R_F10\MikTexPortable\tex\latex\g
raphics\graphics.sty"
Package: graphics 2009/02/05 v1.0o Standard LaTeX Graphics (DPC,SPQR)

("C:\Users\Nick\Desktop\old desktop\Clip\LaTeX_R_F10\MikTexPortable\tex\latex\g
raphics\trig.sty"
Package: trig 1999/03/16 v1.09 sin cos tan (DPC)
)
("C:\Users\Nick\Desktop\old desktop\Clip\LaTeX_R_F10\MikTexPortable\tex\latex\0
0miktex\graphics.cfg"
File: graphics.cfg 2007/01/18 v1.5 graphics configuration of teTeX/TeXLive
)
Package graphics Info: Driver file: pdftex.def on input line 91.

("C:\Users\Nick\Desktop\old desktop\Clip\LaTeX_R_F10\MikTexPortable\tex\latex\p
dftex-def\pdftex.def"
File: pdftex.def 2010/02/14 v0.04n Graphics/color for pdfTeX
\Gread@gobject=\count99
))
\Gin@req@height=\dimen112
\Gin@req@width=\dimen113
) (C:\Users\Nick\Desktop\Euclidean\geometry2.aux)
LaTeX Font Info:    Checking defaults for OML/cmm/m/it on input line 37.
LaTeX Font Info:    ... okay on input line 37.
LaTeX Font Info:    Checking defaults for T1/cmr/m/n on input line 37.
LaTeX Font Info:    ... okay on input line 37.
LaTeX Font Info:    Checking defaults for OT1/cmr/m/n on input line 37.
LaTeX Font Info:    ... okay on input line 37.
LaTeX Font Info:    Checking defaults for OMS/cmsy/m/n on input line 37.
LaTeX Font Info:    ... okay on input line 37.
LaTeX Font Info:    Checking defaults for OMX/cmex/m/n on input line 37.
LaTeX Font Info:    ... okay on input line 37.
LaTeX Font Info:    Checking defaults for U/cmr/m/n on input line 37.
LaTeX Font Info:    ... okay on input line 37.

("C:\Users\Nick\Desktop\old desktop\Clip\LaTeX_R_F10\MikTexPortable\tex\context
\base\supp-pdf.tex"
[Loading MPS to PDF converter (version 2006.09.02).]
\scratchcounter=\count100
\scratchdimen=\dimen114
\scratchbox=\box28
\nofMPsegments=\count101
\nofMParguments=\count102
\everyMPshowfont=\toks20
\MPscratchCnt=\count103
\MPscratchDim=\dimen115
\MPnumerator=\count104
\everyMPtoPDFconversion=\toks21
)
Underfull \hbox (badness 10000) in paragraph at lines 49--50

 []


Underfull \hbox (badness 10000) in paragraph at lines 51--52

 []


Underfull \hbox (badness 10000) in paragraph at lines 53--54

 []


Underfull \hbox (badness 10000) in paragraph at lines 56--57

 []


Underfull \hbox (badness 10000) in paragraph at lines 59--60

 []


Underfull \hbox (badness 10000) in paragraph at lines 64--65

 []


Underfull \hbox (badness 10000) in paragraph at lines 66--67

 []

LaTeX Font Info:    Try loading font information for U+msa on input line 68.

("C:\Users\Nick\Desktop\old desktop\Clip\LaTeX_R_F10\MikTexPortable\tex\latex\a
msfonts\umsa.fd"
File: umsa.fd 2009/06/22 v3.00 AMS symbols A
)
LaTeX Font Info:    Try loading font information for U+msb on input line 68.

("C:\Users\Nick\Desktop\old desktop\Clip\LaTeX_R_F10\MikTexPortable\tex\latex\a
msfonts\umsb.fd"
File: umsb.fd 2009/06/22 v3.00 AMS symbols B
) [1

{C:/Users/Nick/Desktop/old desktop/Clip/LaTeX_R_F10/MikTexPortable/pdftex/confi
g/pdftex.map}]
Underfull \hbox (badness 10000) in paragraph at lines 77--78

 []


Underfull \hbox (badness 10000) in paragraph at lines 80--81

 []


Underfull \hbox (badness 10000) in paragraph at lines 83--84

 []


Underfull \hbox (badness 10000) in paragraph at lines 88--89

 []


Underfull \hbox (badness 10000) in paragraph at lines 90--91

 []


Underfull \hbox (badness 10000) in paragraph at lines 92--93

 []

[2]
Underfull \hbox (badness 10000) in paragraph at lines 99--100

 []


Underfull \hbox (badness 10000) in paragraph at lines 102--103

 []


Underfull \hbox (badness 10000) in paragraph at lines 105--106

 []


Underfull \hbox (badness 10000) in paragraph at lines 108--109

 []


Underfull \hbox (badness 10000) in paragraph at lines 110--111

 []


Underfull \hbox (badness 10000) in paragraph at lines 112--113

 []


Underfull \hbox (badness 10000) in paragraph at lines 114--115

 []


Underfull \hbox (badness 10000) in paragraph at lines 116--117

 []

[3]
Underfull \hbox (badness 10000) in paragraph at lines 123--124

 []


Underfull \hbox (badness 10000) in paragraph at lines 125--126

 []


Underfull \hbox (badness 10000) in paragraph at lines 127--128

 []


Underfull \hbox (badness 10000) in paragraph at lines 130--131

 []


Underfull \hbox (badness 10000) in paragraph at lines 133--134

 []


Underfull \hbox (badness 10000) in paragraph at lines 135--136

 []


Underfull \hbox (badness 10000) in paragraph at lines 137--138

 []


Underfull \hbox (badness 10000) in paragraph at lines 139--140

 []

[4]
Underfull \hbox (badness 10000) in paragraph at lines 149--150

 []


Underfull \hbox (badness 10000) in paragraph at lines 153--154

 []


Underfull \hbox (badness 10000) in paragraph at lines 157--160

 []


Underfull \hbox (badness 10000) in paragraph at lines 163--164

 []


Underfull \hbox (badness 10000) in paragraph at lines 165--166

 []


Underfull \hbox (badness 10000) in paragraph at lines 167--168

 []


Underfull \hbox (badness 10000) in paragraph at lines 169--172

 []


Underfull \hbox (badness 10000) in paragraph at lines 173--175

 []


Underfull \hbox (badness 10000) in paragraph at lines 177--179

 []

[5]
Underfull \hbox (badness 10000) in paragraph at lines 188--189

 []


Underfull \hbox (badness 10000) in paragraph at lines 192--193

 []


Underfull \hbox (badness 10000) in paragraph at lines 196--197

 []


Underfull \hbox (badness 10000) in paragraph at lines 200--201

 []

[6]
Underfull \hbox (badness 10000) in paragraph at lines 213--214

 []


Underfull \hbox (badness 10000) in paragraph at lines 224--225

 []


Underfull \hbox (badness 10000) in paragraph at lines 230--231

 []


Underfull \hbox (badness 10000) in paragraph at lines 237--238

 []

[7] [8]
Underfull \hbox (badness 10000) in paragraph at lines 254--255

 []


Underfull \hbox (badness 10000) in paragraph at lines 258--259

 []


Underfull \hbox (badness 10000) in paragraph at lines 266--267

 []


Underfull \hbox (badness 10000) in paragraph at lines 271--272

 []


Underfull \hbox (badness 10000) in paragraph at lines 273--274

 []


Underfull \hbox (badness 10000) in paragraph at lines 275--276

 []

[9]
Underfull \hbox (badness 10000) in paragraph at lines 284--285

 []


Underfull \hbox (badness 10000) in paragraph at lines 287--288

 []


Underfull \hbox (badness 10000) in paragraph at lines 289--290

 []


Underfull \hbox (badness 10000) in paragraph at lines 291--292

 []


Underfull \hbox (badness 10000) in paragraph at lines 293--294

 []


Underfull \hbox (badness 10000) in paragraph at lines 295--296

 []


Underfull \hbox (badness 10000) in paragraph at lines 297--298

 []


Underfull \hbox (badness 10000) in paragraph at lines 300--301

 []


Underfull \hbox (badness 10000) in paragraph at lines 302--303

 []


Underfull \hbox (badness 10000) in paragraph at lines 304--305

 []


Underfull \hbox (badness 10000) in paragraph at lines 306--307

 []


Underfull \hbox (badness 10000) in paragraph at lines 308--309

 []


Underfull \hbox (badness 10000) in paragraph at lines 310--311

 []


Underfull \hbox (badness 10000) in paragraph at lines 312--313

 []

[10]
Underfull \hbox (badness 10000) in paragraph at lines 314--315

 []


Underfull \hbox (badness 10000) in paragraph at lines 318--319

 []


Underfull \hbox (badness 10000) in paragraph at lines 320--321

 []


Underfull \hbox (badness 10000) in paragraph at lines 323--324

 []


Underfull \hbox (badness 10000) in paragraph at lines 325--326

 []


Underfull \hbox (badness 10000) in paragraph at lines 327--328

 []


Underfull \hbox (badness 10000) in paragraph at lines 329--330

 []

<lines.png, id=38, 454.69875pt x 269.50688pt>
File: lines.png Graphic file (type png)
 <use lines.png> [11 <C:/Users/Nick/Desktop/Euclidean/lines.png (PNG copy)>]
Underfull \hbox (badness 10000) in paragraph at lines 340--341

 []


Underfull \hbox (badness 10000) in paragraph at lines 345--346

 []


Underfull \hbox (badness 10000) in paragraph at lines 349--350

 []


Underfull \hbox (badness 10000) in paragraph at lines 352--353

 []


Underfull \hbox (badness 10000) in paragraph at lines 354--355

 []


Underfull \hbox (badness 10000) in paragraph at lines 359--360

 []


Underfull \hbox (badness 10000) in paragraph at lines 361--362

 []


Underfull \hbox (badness 10000) in paragraph at lines 363--364

 []


Underfull \hbox (badness 10000) in paragraph at lines 365--366

 []

[12]
Underfull \hbox (badness 10000) in paragraph at lines 367--368

 []


Underfull \hbox (badness 10000) in paragraph at lines 369--370

 []


Underfull \hbox (badness 10000) in paragraph at lines 373--374

 []


Underfull \hbox (badness 10000) in paragraph at lines 375--376

 []


Underfull \hbox (badness 10000) in paragraph at lines 377--378

 []


Underfull \hbox (badness 10000) in paragraph at lines 379--380

 []


Underfull \hbox (badness 10000) in paragraph at lines 382--383

 []


Underfull \hbox (badness 10000) in paragraph at lines 384--385

 []

[13]
Underfull \hbox (badness 10000) in paragraph at lines 389--390

 []


Underfull \hbox (badness 10000) in paragraph at lines 391--392

 []


Underfull \hbox (badness 10000) in paragraph at lines 393--394

 []


Underfull \hbox (badness 10000) in paragraph at lines 395--396

 []


Underfull \hbox (badness 10000) in paragraph at lines 397--398

 []


Underfull \hbox (badness 10000) in paragraph at lines 399--403

 []

<lines2.png, id=49, 365.11406pt x 380.92313pt>
File: lines2.png Graphic file (type png)
 <use lines2.png> [14 <C:/Users/Nick/Desktop/Euclidean/lines2.png (PNG copy)>]
Underfull \hbox (badness 10000) in paragraph at lines 415--416

 []


Underfull \hbox (badness 10000) in paragraph at lines 417--418

 []


Underfull \hbox (badness 10000) in paragraph at lines 419--420

 []


Underfull \hbox (badness 10000) in paragraph at lines 421--422

 []


Underfull \hbox (badness 10000) in paragraph at lines 423--424

 []


Underfull \hbox (badness 10000) in paragraph at lines 425--426

 []

[15]
Underfull \hbox (badness 10000) in paragraph at lines 434--435

 []

[16] (C:\Users\Nick\Desktop\Euclidean\geometry2.aux) ) 
Here is how much of TeX's memory you used:
 1804 strings out of 495285
 23073 string characters out of 3178072
 75505 words of memory out of 3000000
 5015 multiletter control sequences out of 15000+200000
 8890 words of font info for 34 fonts, out of 3000000 for 9000
 14 hyphenation exceptions out of 8191
 27i,4n,24p,1428b,106s stack positions out of 5000i,500n,10000p,200000b,50000s
<C:/Users/Nick/Desktop/ol
d desktop/Clip/LaTeX_R_F10/MikTexPortable/fonts/type1/public/amsfonts/cm/cmbx12
.pfb><C:/Users/Nick/Desktop/old desktop/Clip/LaTeX_R_F10/MikTexPortable/fonts/t
ype1/public/amsfonts/cm/cmmi12.pfb><C:/Users/Nick/Desktop/old desktop/Clip/LaTe
X_R_F10/MikTexPortable/fonts/type1/public/amsfonts/cm/cmr12.pfb><C:/Users/Nick/
Desktop/old desktop/Clip/LaTeX_R_F10/MikTexPortable/fonts/type1/public/amsfonts
/cm/cmsy10.pfb><C:/Users/Nick/Desktop/old desktop/Clip/LaTeX_R_F10/MikTexPortab
le/fonts/type1/public/amsfonts/cm/cmsy8.pfb>
Output written on geometry2.pdf (16 pages, 119147 bytes).
PDF statistics:
 76 PDF objects out of 1000 (max. 8388607)
 0 named destinations out of 1000 (max. 500000)
 11 words of extra memory for PDF output out of 10000 (max. 10000000)

