This is pdfTeX, Version 3.1415926-1.40.10 (MiKTeX 2.8) (preloaded format=pdflatex 2013.1.2)  12 APR 2013 21:13
entering extended mode
**geometry8.tex
(C:\Users\Nick\Documents\GitHub\MathHW\Euclidean\geometry8.tex
LaTeX2e <2009/09/24>
Babel <v3.8l> and hyphenation patterns for english, dumylang, nohyphenation, ge
rman, ngerman, german-x-2009-06-19, ngerman-x-2009-06-19, french, loaded.

("C:\Users\Nick\Desktop\old desktop\Clip\LaTeX_R_F10\MikTexPortable\tex\latex\b
ase\article.cls"
Document Class: article 2007/10/19 v1.4h Standard LaTeX document class

("C:\Users\Nick\Desktop\old desktop\Clip\LaTeX_R_F10\MikTexPortable\tex\latex\b
ase\size12.clo"
File: size12.clo 2007/10/19 v1.4h Standard LaTeX file (size option)
)
\c@part=\count79
\c@section=\count80
\c@subsection=\count81
\c@subsubsection=\count82
\c@paragraph=\count83
\c@subparagraph=\count84
\c@figure=\count85
\c@table=\count86
\abovecaptionskip=\skip41
\belowcaptionskip=\skip42
\bibindent=\dimen102
)
("C:\Users\Nick\Desktop\old desktop\Clip\LaTeX_R_F10\MikTexPortable\tex\latex\a
ms\math\amsmath.sty"
Package: amsmath 2000/07/18 v2.13 AMS math features
\@mathmargin=\skip43

For additional information on amsmath, use the `?' option.

("C:\Users\Nick\Desktop\old desktop\Clip\LaTeX_R_F10\MikTexPortable\tex\latex\a
ms\math\amstext.sty"
Package: amstext 2000/06/29 v2.01

("C:\Users\Nick\Desktop\old desktop\Clip\LaTeX_R_F10\MikTexPortable\tex\latex\a
ms\math\amsgen.sty"
File: amsgen.sty 1999/11/30 v2.0
\@emptytoks=\toks14
\ex@=\dimen103
))
("C:\Users\Nick\Desktop\old desktop\Clip\LaTeX_R_F10\MikTexPortable\tex\latex\a
ms\math\amsbsy.sty"
Package: amsbsy 1999/11/29 v1.2d
\pmbraise@=\dimen104
)
("C:\Users\Nick\Desktop\old desktop\Clip\LaTeX_R_F10\MikTexPortable\tex\latex\a
ms\math\amsopn.sty"
Package: amsopn 1999/12/14 v2.01 operator names
)
\inf@bad=\count87
LaTeX Info: Redefining \frac on input line 211.
\uproot@=\count88
\leftroot@=\count89
LaTeX Info: Redefining \overline on input line 307.
\classnum@=\count90
\DOTSCASE@=\count91
LaTeX Info: Redefining \ldots on input line 379.
LaTeX Info: Redefining \dots on input line 382.
LaTeX Info: Redefining \cdots on input line 467.
\Mathstrutbox@=\box26
\strutbox@=\box27
\big@size=\dimen105
LaTeX Font Info:    Redeclaring font encoding OML on input line 567.
LaTeX Font Info:    Redeclaring font encoding OMS on input line 568.
\macc@depth=\count92
\c@MaxMatrixCols=\count93
\dotsspace@=\muskip10
\c@parentequation=\count94
\dspbrk@lvl=\count95
\tag@help=\toks15
\row@=\count96
\column@=\count97
\maxfields@=\count98
\andhelp@=\toks16
\eqnshift@=\dimen106
\alignsep@=\dimen107
\tagshift@=\dimen108
\tagwidth@=\dimen109
\totwidth@=\dimen110
\lineht@=\dimen111
\@envbody=\toks17
\multlinegap=\skip44
\multlinetaggap=\skip45
\mathdisplay@stack=\toks18
LaTeX Info: Redefining \[ on input line 2666.
LaTeX Info: Redefining \] on input line 2667.
)
("C:\Users\Nick\Desktop\old desktop\Clip\LaTeX_R_F10\MikTexPortable\tex\latex\a
msfonts\amssymb.sty"
Package: amssymb 2009/06/22 v3.00

("C:\Users\Nick\Desktop\old desktop\Clip\LaTeX_R_F10\MikTexPortable\tex\latex\a
msfonts\amsfonts.sty"
Package: amsfonts 2009/06/22 v3.00 Basic AMSFonts support
\symAMSa=\mathgroup4
\symAMSb=\mathgroup5
LaTeX Font Info:    Overwriting math alphabet `\mathfrak' in version `bold'
(Font)                  U/euf/m/n --> U/euf/b/n on input line 96.
))
("C:\Users\Nick\Desktop\old desktop\Clip\LaTeX_R_F10\MikTexPortable\tex\latex\g
raphics\graphicx.sty"
Package: graphicx 1999/02/16 v1.0f Enhanced LaTeX Graphics (DPC,SPQR)

("C:\Users\Nick\Desktop\old desktop\Clip\LaTeX_R_F10\MikTexPortable\tex\latex\g
raphics\keyval.sty"
Package: keyval 1999/03/16 v1.13 key=value parser (DPC)
\KV@toks@=\toks19
)
("C:\Users\Nick\Desktop\old desktop\Clip\LaTeX_R_F10\MikTexPortable\tex\latex\g
raphics\graphics.sty"
Package: graphics 2009/02/05 v1.0o Standard LaTeX Graphics (DPC,SPQR)

("C:\Users\Nick\Desktop\old desktop\Clip\LaTeX_R_F10\MikTexPortable\tex\latex\g
raphics\trig.sty"
Package: trig 1999/03/16 v1.09 sin cos tan (DPC)
)
("C:\Users\Nick\Desktop\old desktop\Clip\LaTeX_R_F10\MikTexPortable\tex\latex\0
0miktex\graphics.cfg"
File: graphics.cfg 2007/01/18 v1.5 graphics configuration of teTeX/TeXLive
)
Package graphics Info: Driver file: pdftex.def on input line 91.

("C:\Users\Nick\Desktop\old desktop\Clip\LaTeX_R_F10\MikTexPortable\tex\latex\p
dftex-def\pdftex.def"
File: pdftex.def 2010/02/14 v0.04n Graphics/color for pdfTeX
\Gread@gobject=\count99
))
\Gin@req@height=\dimen112
\Gin@req@width=\dimen113
)
(C:\Users\Nick\Documents\GitHub\MathHW\Euclidean\geometry8.aux)
LaTeX Font Info:    Checking defaults for OML/cmm/m/it on input line 37.
LaTeX Font Info:    ... okay on input line 37.
LaTeX Font Info:    Checking defaults for T1/cmr/m/n on input line 37.
LaTeX Font Info:    ... okay on input line 37.
LaTeX Font Info:    Checking defaults for OT1/cmr/m/n on input line 37.
LaTeX Font Info:    ... okay on input line 37.
LaTeX Font Info:    Checking defaults for OMS/cmsy/m/n on input line 37.
LaTeX Font Info:    ... okay on input line 37.
LaTeX Font Info:    Checking defaults for OMX/cmex/m/n on input line 37.
LaTeX Font Info:    ... okay on input line 37.
LaTeX Font Info:    Checking defaults for U/cmr/m/n on input line 37.
LaTeX Font Info:    ... okay on input line 37.

("C:\Users\Nick\Desktop\old desktop\Clip\LaTeX_R_F10\MikTexPortable\tex\context
\base\supp-pdf.tex"
[Loading MPS to PDF converter (version 2006.09.02).]
\scratchcounter=\count100
\scratchdimen=\dimen114
\scratchbox=\box28
\nofMPsegments=\count101
\nofMParguments=\count102
\everyMPshowfont=\toks20
\MPscratchCnt=\count103
\MPscratchDim=\dimen115
\MPnumerator=\count104
\everyMPtoPDFconversion=\toks21
)
LaTeX Font Info:    Try loading font information for U+msa on input line 56.

("C:\Users\Nick\Desktop\old desktop\Clip\LaTeX_R_F10\MikTexPortable\tex\latex\a
msfonts\umsa.fd"
File: umsa.fd 2009/06/22 v3.00 AMS symbols A
)
LaTeX Font Info:    Try loading font information for U+msb on input line 56.

("C:\Users\Nick\Desktop\old desktop\Clip\LaTeX_R_F10\MikTexPortable\tex\latex\a
msfonts\umsb.fd"
File: umsb.fd 2009/06/22 v3.00 AMS symbols B
)
Underfull \hbox (badness 10000) in paragraph at lines 56--57

 []


Underfull \hbox (badness 10000) in paragraph at lines 58--59

 []


Underfull \hbox (badness 10000) in paragraph at lines 60--61

 []


Underfull \hbox (badness 10000) in paragraph at lines 62--63

 []


Underfull \hbox (badness 10000) in paragraph at lines 64--65

 []


Underfull \hbox (badness 10000) in paragraph at lines 66--67

 []


Underfull \hbox (badness 10000) in paragraph at lines 68--69

 []


Underfull \hbox (badness 10000) in paragraph at lines 70--71

 []


Underfull \hbox (badness 10000) in paragraph at lines 72--73

 []


Underfull \hbox (badness 10000) in paragraph at lines 74--75

 []


Underfull \hbox (badness 10000) in paragraph at lines 76--77

 []


Underfull \hbox (badness 10000) in paragraph at lines 78--79

 []


Underfull \hbox (badness 10000) in paragraph at lines 80--81

 []

[1

{C:/Users/Nick/Desktop/old desktop/Clip/LaTeX_R_F10/MikTexPortable/pdftex/confi
g/pdftex.map}]
Underfull \hbox (badness 10000) in paragraph at lines 82--83

 []

[2]
Underfull \hbox (badness 10000) in paragraph at lines 103--104

 []


Underfull \hbox (badness 10000) in paragraph at lines 105--106

 []


Underfull \hbox (badness 10000) in paragraph at lines 118--119

 []


Underfull \hbox (badness 10000) in paragraph at lines 121--122

 []

[3] [4] <klein2.png, id=20, 697.10437pt x 773.89125pt>
File: klein2.png Graphic file (type png)
 <use klein2.png>
[5 <C:/Users/Nick/Documents/GitHub/MathHW/Euclidean/klein2.png (PNG copy)>]
[6] [7] [8] [9] (C:\Users\Nick\Documents\GitHub\MathHW\Euclidean\geometry8.aux)
 ) 
Here is how much of TeX's memory you used:
 1799 strings out of 495285
 23121 string characters out of 3178072
 78505 words of memory out of 3000000
 5011 multiletter control sequences out of 15000+200000
 8890 words of font info for 34 fonts, out of 3000000 for 9000
 14 hyphenation exceptions out of 8191
 27i,14n,24p,680b,165s stack positions out of 5000i,500n,10000p,200000b,50000s
<C:/Users/Nick/Desktop/old desktop/Clip/LaTeX_R_F10/MikTexPortable/fonts/type
1/public/amsfonts/cm/cmbx12.pfb><C:/Users/Nick/Desktop/old desktop/Clip/LaTeX_R
_F10/MikTexPortable/fonts/type1/public/amsfonts/cm/cmmi12.pfb><C:/Users/Nick/De
sktop/old desktop/Clip/LaTeX_R_F10/MikTexPortable/fonts/type1/public/amsfonts/c
m/cmr12.pfb><C:/Users/Nick/Desktop/old desktop/Clip/LaTeX_R_F10/MikTexPortable/
fonts/type1/public/amsfonts/cm/cmsy10.pfb><C:/Users/Nick/Desktop/old desktop/Cl
ip/LaTeX_R_F10/MikTexPortable/fonts/type1/public/amsfonts/cm/cmsy8.pfb><C:/User
s/Nick/Desktop/old desktop/Clip/LaTeX_R_F10/MikTexPortable/fonts/type1/public/a
msfonts/symbols/msam10.pfb>
Output written on geometry8.pdf (9 pages, 90784 bytes).
PDF statistics:
 57 PDF objects out of 1000 (max. 8388607)
 0 named destinations out of 1000 (max. 500000)
 6 words of extra memory for PDF output out of 10000 (max. 10000000)

