This is pdfTeX, Version 3.1415926-1.40.10 (MiKTeX 2.8) (preloaded format=pdflatex 2013.1.2)  7 APR 2013 02:50
entering extended mode
**geometry7.tex
(C:\Users\Nick\Documents\GitHub\MathHW\Euclidean\geometry7.tex
LaTeX2e <2009/09/24>
Babel <v3.8l> and hyphenation patterns for english, dumylang, nohyphenation, ge
rman, ngerman, german-x-2009-06-19, ngerman-x-2009-06-19, french, loaded.

("C:\Users\Nick\Desktop\old desktop\Clip\LaTeX_R_F10\MikTexPortable\tex\latex\b
ase\article.cls"
Document Class: article 2007/10/19 v1.4h Standard LaTeX document class

("C:\Users\Nick\Desktop\old desktop\Clip\LaTeX_R_F10\MikTexPortable\tex\latex\b
ase\size12.clo"
File: size12.clo 2007/10/19 v1.4h Standard LaTeX file (size option)
)
\c@part=\count79
\c@section=\count80
\c@subsection=\count81
\c@subsubsection=\count82
\c@paragraph=\count83
\c@subparagraph=\count84
\c@figure=\count85
\c@table=\count86
\abovecaptionskip=\skip41
\belowcaptionskip=\skip42
\bibindent=\dimen102
)
("C:\Users\Nick\Desktop\old desktop\Clip\LaTeX_R_F10\MikTexPortable\tex\latex\a
ms\math\amsmath.sty"
Package: amsmath 2000/07/18 v2.13 AMS math features
\@mathmargin=\skip43

For additional information on amsmath, use the `?' option.

("C:\Users\Nick\Desktop\old desktop\Clip\LaTeX_R_F10\MikTexPortable\tex\latex\a
ms\math\amstext.sty"
Package: amstext 2000/06/29 v2.01

("C:\Users\Nick\Desktop\old desktop\Clip\LaTeX_R_F10\MikTexPortable\tex\latex\a
ms\math\amsgen.sty"
File: amsgen.sty 1999/11/30 v2.0
\@emptytoks=\toks14
\ex@=\dimen103
))
("C:\Users\Nick\Desktop\old desktop\Clip\LaTeX_R_F10\MikTexPortable\tex\latex\a
ms\math\amsbsy.sty"
Package: amsbsy 1999/11/29 v1.2d
\pmbraise@=\dimen104
)
("C:\Users\Nick\Desktop\old desktop\Clip\LaTeX_R_F10\MikTexPortable\tex\latex\a
ms\math\amsopn.sty"
Package: amsopn 1999/12/14 v2.01 operator names
)
\inf@bad=\count87
LaTeX Info: Redefining \frac on input line 211.
\uproot@=\count88
\leftroot@=\count89
LaTeX Info: Redefining \overline on input line 307.
\classnum@=\count90
\DOTSCASE@=\count91
LaTeX Info: Redefining \ldots on input line 379.
LaTeX Info: Redefining \dots on input line 382.
LaTeX Info: Redefining \cdots on input line 467.
\Mathstrutbox@=\box26
\strutbox@=\box27
\big@size=\dimen105
LaTeX Font Info:    Redeclaring font encoding OML on input line 567.
LaTeX Font Info:    Redeclaring font encoding OMS on input line 568.
\macc@depth=\count92
\c@MaxMatrixCols=\count93
\dotsspace@=\muskip10
\c@parentequation=\count94
\dspbrk@lvl=\count95
\tag@help=\toks15
\row@=\count96
\column@=\count97
\maxfields@=\count98
\andhelp@=\toks16
\eqnshift@=\dimen106
\alignsep@=\dimen107
\tagshift@=\dimen108
\tagwidth@=\dimen109
\totwidth@=\dimen110
\lineht@=\dimen111
\@envbody=\toks17
\multlinegap=\skip44
\multlinetaggap=\skip45
\mathdisplay@stack=\toks18
LaTeX Info: Redefining \[ on input line 2666.
LaTeX Info: Redefining \] on input line 2667.
)
("C:\Users\Nick\Desktop\old desktop\Clip\LaTeX_R_F10\MikTexPortable\tex\latex\a
msfonts\amssymb.sty"
Package: amssymb 2009/06/22 v3.00

("C:\Users\Nick\Desktop\old desktop\Clip\LaTeX_R_F10\MikTexPortable\tex\latex\a
msfonts\amsfonts.sty"
Package: amsfonts 2009/06/22 v3.00 Basic AMSFonts support
\symAMSa=\mathgroup4
\symAMSb=\mathgroup5
LaTeX Font Info:    Overwriting math alphabet `\mathfrak' in version `bold'
(Font)                  U/euf/m/n --> U/euf/b/n on input line 96.
))
("C:\Users\Nick\Desktop\old desktop\Clip\LaTeX_R_F10\MikTexPortable\tex\latex\g
raphics\graphicx.sty"
Package: graphicx 1999/02/16 v1.0f Enhanced LaTeX Graphics (DPC,SPQR)

("C:\Users\Nick\Desktop\old desktop\Clip\LaTeX_R_F10\MikTexPortable\tex\latex\g
raphics\keyval.sty"
Package: keyval 1999/03/16 v1.13 key=value parser (DPC)
\KV@toks@=\toks19
)
("C:\Users\Nick\Desktop\old desktop\Clip\LaTeX_R_F10\MikTexPortable\tex\latex\g
raphics\graphics.sty"
Package: graphics 2009/02/05 v1.0o Standard LaTeX Graphics (DPC,SPQR)

("C:\Users\Nick\Desktop\old desktop\Clip\LaTeX_R_F10\MikTexPortable\tex\latex\g
raphics\trig.sty"
Package: trig 1999/03/16 v1.09 sin cos tan (DPC)
)
("C:\Users\Nick\Desktop\old desktop\Clip\LaTeX_R_F10\MikTexPortable\tex\latex\0
0miktex\graphics.cfg"
File: graphics.cfg 2007/01/18 v1.5 graphics configuration of teTeX/TeXLive
)
Package graphics Info: Driver file: pdftex.def on input line 91.

("C:\Users\Nick\Desktop\old desktop\Clip\LaTeX_R_F10\MikTexPortable\tex\latex\p
dftex-def\pdftex.def"
File: pdftex.def 2010/02/14 v0.04n Graphics/color for pdfTeX
\Gread@gobject=\count99
))
\Gin@req@height=\dimen112
\Gin@req@width=\dimen113
)
(C:\Users\Nick\Documents\GitHub\MathHW\Euclidean\geometry7.aux)
LaTeX Font Info:    Checking defaults for OML/cmm/m/it on input line 37.
LaTeX Font Info:    ... okay on input line 37.
LaTeX Font Info:    Checking defaults for T1/cmr/m/n on input line 37.
LaTeX Font Info:    ... okay on input line 37.
LaTeX Font Info:    Checking defaults for OT1/cmr/m/n on input line 37.
LaTeX Font Info:    ... okay on input line 37.
LaTeX Font Info:    Checking defaults for OMS/cmsy/m/n on input line 37.
LaTeX Font Info:    ... okay on input line 37.
LaTeX Font Info:    Checking defaults for OMX/cmex/m/n on input line 37.
LaTeX Font Info:    ... okay on input line 37.
LaTeX Font Info:    Checking defaults for U/cmr/m/n on input line 37.
LaTeX Font Info:    ... okay on input line 37.

("C:\Users\Nick\Desktop\old desktop\Clip\LaTeX_R_F10\MikTexPortable\tex\context
\base\supp-pdf.tex"
[Loading MPS to PDF converter (version 2006.09.02).]
\scratchcounter=\count100
\scratchdimen=\dimen114
\scratchbox=\box28
\nofMPsegments=\count101
\nofMParguments=\count102
\everyMPshowfont=\toks20
\MPscratchCnt=\count103
\MPscratchDim=\dimen115
\MPnumerator=\count104
\everyMPtoPDFconversion=\toks21
)
LaTeX Font Info:    Try loading font information for U+msa on input line 52.

("C:\Users\Nick\Desktop\old desktop\Clip\LaTeX_R_F10\MikTexPortable\tex\latex\a
msfonts\umsa.fd"
File: umsa.fd 2009/06/22 v3.00 AMS symbols A
)
LaTeX Font Info:    Try loading font information for U+msb on input line 52.

("C:\Users\Nick\Desktop\old desktop\Clip\LaTeX_R_F10\MikTexPortable\tex\latex\a
msfonts\umsb.fd"
File: umsb.fd 2009/06/22 v3.00 AMS symbols B
)
Underfull \hbox (badness 10000) in paragraph at lines 52--53

 []


Underfull \hbox (badness 10000) in paragraph at lines 55--56

 []


Underfull \hbox (badness 10000) in paragraph at lines 58--59

 []


Underfull \hbox (badness 10000) in paragraph at lines 61--62

 []


Underfull \hbox (badness 10000) in paragraph at lines 71--72

 []

[1

{C:/Users/Nick/Desktop/old desktop/Clip/LaTeX_R_F10/MikTexPortable/pdftex/confi
g/pdftex.map}]
Underfull \hbox (badness 10000) in paragraph at lines 91--92

 []

[2]
Underfull \hbox (badness 10000) in paragraph at lines 113--114

 []


Underfull \hbox (badness 10000) in paragraph at lines 118--119

 []


Underfull \hbox (badness 10000) in paragraph at lines 120--121

 []


Underfull \hbox (badness 10000) in paragraph at lines 122--123

 []


Underfull \hbox (badness 10000) in paragraph at lines 124--125

 []


Underfull \hbox (badness 10000) in paragraph at lines 126--127

 []


Underfull \hbox (badness 10000) in paragraph at lines 128--129

 []

[3]
Underfull \hbox (badness 10000) in paragraph at lines 137--138

 []


Underfull \hbox (badness 10000) in paragraph at lines 150--151

 []

[4] [5]
Underfull \hbox (badness 10000) in paragraph at lines 189--190

 []


Underfull \hbox (badness 10000) in paragraph at lines 193--194

 []


Underfull \hbox (badness 10000) in paragraph at lines 195--196

 []

[6]
Underfull \hbox (badness 10000) in paragraph at lines 211--212

 []

[7] [8]
Underfull \hbox (badness 10000) in paragraph at lines 285--286

 []


Underfull \hbox (badness 10000) in paragraph at lines 287--288

 []

[9] [10] [11]
Underfull \hbox (badness 10000) in paragraph at lines 352--353

 []


Underfull \hbox (badness 10000) in paragraph at lines 358--359

 []


Underfull \hbox (badness 10000) in paragraph at lines 363--364

 []


Underfull \hbox (badness 10000) in paragraph at lines 367--368

 []


Underfull \hbox (badness 10000) in paragraph at lines 372--373

 []


Underfull \hbox (badness 10000) in paragraph at lines 377--378

 []


Underfull \hbox (badness 10000) in paragraph at lines 382--383

 []


Underfull \hbox (badness 10000) in paragraph at lines 393--394

 []

[12] [13]
Underfull \hbox (badness 10000) in paragraph at lines 415--416

 []


Underfull \hbox (badness 10000) in paragraph at lines 417--418

 []


Underfull \hbox (badness 10000) in paragraph at lines 420--421

 []


Underfull \hbox (badness 10000) in paragraph at lines 422--423

 []


Underfull \hbox (badness 10000) in paragraph at lines 428--429

 []

[14] [15]
Underfull \hbox (badness 10000) in paragraph at lines 462--463

 []


Underfull \hbox (badness 10000) in paragraph at lines 464--465

 []


Underfull \hbox (badness 10000) in paragraph at lines 466--467

 []


Underfull \hbox (badness 10000) in paragraph at lines 468--469

 []


Underfull \hbox (badness 10000) in paragraph at lines 470--471

 []

<perpendiculars.png, id=57, 514.92375pt x 487.06969pt>
File: perpendiculars.png Graphic file (type png)

<use perpendiculars.png> [16 <C:/Users/Nick/Documents/GitHub/MathHW/Euclidean/p
erpendiculars.png (PNG copy)>] [17] [18]
(C:\Users\Nick\Documents\GitHub\MathHW\Euclidean\geometry7.aux) ) 
Here is how much of TeX's memory you used:
 1799 strings out of 495285
 23161 string characters out of 3178072
 86505 words of memory out of 3000000
 5011 multiletter control sequences out of 15000+200000
 8890 words of font info for 34 fonts, out of 3000000 for 9000
 14 hyphenation exceptions out of 8191
 27i,14n,24p,923b,165s stack positions out of 5000i,500n,10000p,200000b,50000s
<C:/Users/Nick
/Desktop/old desktop/Clip/LaTeX_R_F10/MikTexPortable/fonts/type1/public/amsfont
s/cm/cmbx12.pfb><C:/Users/Nick/Desktop/old desktop/Clip/LaTeX_R_F10/MikTexPorta
ble/fonts/type1/public/amsfonts/cm/cmex10.pfb><C:/Users/Nick/Desktop/old deskto
p/Clip/LaTeX_R_F10/MikTexPortable/fonts/type1/public/amsfonts/cm/cmmi12.pfb><C:
/Users/Nick/Desktop/old desktop/Clip/LaTeX_R_F10/MikTexPortable/fonts/type1/pub
lic/amsfonts/cm/cmr12.pfb><C:/Users/Nick/Desktop/old desktop/Clip/LaTeX_R_F10/M
ikTexPortable/fonts/type1/public/amsfonts/cm/cmr8.pfb><C:/Users/Nick/Desktop/ol
d desktop/Clip/LaTeX_R_F10/MikTexPortable/fonts/type1/public/amsfonts/cm/cmsy10
.pfb><C:/Users/Nick/Desktop/old desktop/Clip/LaTeX_R_F10/MikTexPortable/fonts/t
ype1/public/amsfonts/cm/cmsy8.pfb><C:/Users/Nick/Desktop/old desktop/Clip/LaTeX
_R_F10/MikTexPortable/fonts/type1/public/amsfonts/symbols/msam10.pfb>
Output written on geometry7.pdf (18 pages, 138189 bytes).
PDF statistics:
 93 PDF objects out of 1000 (max. 8388607)
 0 named destinations out of 1000 (max. 500000)
 6 words of extra memory for PDF output out of 10000 (max. 10000000)

